<?xml version="1.0" encoding="UTF-8"?>
<testng-results skipped="0" failed="0" total="1" passed="1">
  <reporter-output>
  </reporter-output>
  <suite name="Default suite" duration-ms="2529" started-at="2017-10-31T10:19:00Z" finished-at="2017-10-31T10:19:02Z">
    <groups>
    </groups>
    <test name="Default test" duration-ms="2529" started-at="2017-10-31T10:19:00Z" finished-at="2017-10-31T10:19:02Z">
      <class name="com.lss.test.interfaceTest.FetchUserPositionListTest">
        <test-method status="PASS" signature="before()[pri:0, instance:com.lss.test.interfaceTest.FetchUserPositionListTest@5e5792a0]" name="before" is-config="true" duration-ms="2036" started-at="2017-10-31T18:19:00Z" finished-at="2017-10-31T18:19:02Z">
          <reporter-output>
          </reporter-output>
        </test-method> <!-- before -->
        <test-method status="PASS" signature="fetchUserPositionList()[pri:0, instance:com.lss.test.interfaceTest.FetchUserPositionListTest@5e5792a0]" name="fetchUserPositionList" duration-ms="481" started-at="2017-10-31T18:19:02Z" finished-at="2017-10-31T18:19:02Z">
          <reporter-output>
          </reporter-output>
        </test-method> <!-- fetchUserPositionList -->
      </class> <!-- com.lss.test.interfaceTest.FetchUserPositionListTest -->
    </test> <!-- Default test -->
  </suite> <!-- Default suite -->
</testng-results>
